<?xml version="1.0" encoding="UTF-8"?>
<!-- Generated by org.testng.reporters.JUnitReportReporter -->
<testsuite skipped="0" hostname="DESKTOP-K84KE2G" name="com.automation.utility.ExtentReport" tests="1" failures="0" timestamp="17 Jun 2020 14:55:13 GMT" time="0.658" errors="0">
  <testcase name="loginTest" time="0.658" classname="com.automation.utility.ExtentReport"/>
</testsuite> <!-- com.automation.utility.ExtentReport -->
