<?xml version="1.0" encoding="UTF-8"?>
<!-- Generated by org.testng.reporters.JUnitReportReporter -->
<testsuite skipped="0" hostname="DESKTOP-K84KE2G" name="com.automation.testcases.LoginTestPage" tests="1" failures="0" timestamp="18 Jun 2020 03:33:59 GMT" time="14.030" errors="0">
  <testcase name="loginApp" time="14.030" classname="com.automation.testcases.LoginTestPage"/>
</testsuite> <!-- com.automation.testcases.LoginTestPage -->
